<?xml version="1.0" encoding="UTF-8"?>
<!-- Generated by org.testng.reporters.JUnitReportReporter -->
<testsuite hostname="LAPTOP-MKKTLOMD" failures="0" tests="6" name="package1.WorkingWithDataProvider" time="47.176" errors="0" timestamp="2025-09-27T08:45:31 IST" skipped="0">
  <testcase classname="package1.WorkingWithDataProvider" name="login" time="9.247"/>
  <testcase classname="package1.WorkingWithDataProvider" name="login" time="8.599"/>
  <testcase classname="package1.WorkingWithDataProvider" name="login" time="6.321"/>
  <testcase classname="package1.WorkingWithDataProvider" name="login" time="9.969"/>
  <testcase classname="package1.WorkingWithDataProvider" name="login" time="7.451"/>
  <testcase classname="package1.WorkingWithDataProvider" name="login" time="5.589"/>
</testsuite> <!-- package1.WorkingWithDataProvider -->
