<?xml version="1.0" encoding="UTF-8"?>
<!-- Generated by org.testng.reporters.JUnitReportReporter -->
<testsuite hostname="LAPTOP-MKKTLOMD" failures="0" tests="1" name="campaigntest.CreateCampaignTest" time="8.860" errors="0" timestamp="2025-10-11T09:27:36 IST" skipped="0">
  <testcase classname="campaigntest.CreateCampaignTest" name="CreateCampaignwithMandatoryFieldsTest" time="8.860"/>
</testsuite> <!-- campaigntest.CreateCampaignTest -->
