<?xml version="1.0" encoding="UTF-8"?>
<!-- Generated by org.testng.reporters.JUnitReportReporter -->
<testsuite hostname="LAPTOP-MKKTLOMD" failures="0" tests="4" name="package1.CreateCampaignTest" time="0.009" errors="0" timestamp="2025-09-21T09:50:02 IST" skipped="1">
  <testcase classname="package1.CreateCampaignTest" name="openApplication" time="0.008"/>
  <testcase classname="package1.CreateCampaignTest" name="register" time="0.001"/>
  <testcase classname="package1.CreateCampaignTest" name="login" time="0.000"/>
  <testcase classname="package1.CreateCampaignTest" name="createCampaignWithMandatoryFields">
    <skipped/>
  </testcase> <!-- createCampaignWithMandatoryFields -->
</testsuite> <!-- package1.CreateCampaignTest -->
