<?xml version="1.0" encoding="UTF-8"?>
<!-- Generated by org.testng.reporters.JUnitReportReporter -->
<testsuite hostname="LAPTOP-MKKTLOMD" failures="0" tests="2" name="package1.ConfigAnno" time="0.007" errors="0" timestamp="2025-09-27T09:26:49 IST" skipped="0">
  <testcase classname="package1.ConfigAnno" name="test1" time="0.006"/>
  <testcase classname="package1.ConfigAnno" name="test2" time="0.001"/>
</testsuite> <!-- package1.ConfigAnno -->
